{"C:\\Users\\196890\\Desktop\\banco-poo\\dist\\models\\Banco.js": {"path":"C:\\Users\\196890\\Desktop\\banco-poo\\dist\\models\\Banco.js","statementMap":{"0":{"start":{"line":2,"column":0},"end":{"line":2,"column":62}},"1":{"start":{"line":3,"column":0},"end":{"line":3,"column":23}},"2":{"start":{"line":6,"column":8},"end":{"line":6,"column":56}},"3":{"start":{"line":7,"column":8},"end":{"line":7,"column":28}},"4":{"start":{"line":8,"column":8},"end":{"line":8,"column":28}},"5":{"start":{"line":11,"column":8},"end":{"line":13,"column":9}},"6":{"start":{"line":12,"column":12},"end":{"line":12,"column":60}},"7":{"start":{"line":14,"column":8},"end":{"line":14,"column":30}},"8":{"start":{"line":17,"column":8},"end":{"line":19,"column":9}},"9":{"start":{"line":18,"column":12},"end":{"line":18,"column":62}},"10":{"start":{"line":20,"column":8},"end":{"line":20,"column":37}},"11":{"start":{"line":23,"column":22},"end":{"line":23,"column":53}},"12":{"start":{"line":24,"column":8},"end":{"line":26,"column":9}},"13":{"start":{"line":25,"column":12},"end":{"line":25,"column":61}},"14":{"start":{"line":27,"column":8},"end":{"line":27,"column":40}},"15":{"start":{"line":30,"column":8},"end":{"line":30,"column":24}},"16":{"start":{"line":33,"column":8},"end":{"line":33,"column":26}},"17":{"start":{"line":36,"column":8},"end":{"line":41,"column":9}},"18":{"start":{"line":37,"column":12},"end":{"line":37,"column":30}},"19":{"start":{"line":40,"column":12},"end":{"line":40,"column":65}},"20":{"start":{"line":44,"column":8},"end":{"line":46,"column":9}},"21":{"start":{"line":45,"column":12},"end":{"line":45,"column":25}},"22":{"start":{"line":47,"column":8},"end":{"line":47,"column":20}},"23":{"start":{"line":50,"column":8},"end":{"line":50,"column":37}},"24":{"start":{"line":53,"column":8},"end":{"line":58,"column":10}},"25":{"start":{"line":61,"column":0},"end":{"line":61,"column":22}}},"fnMap":{"0":{"name":"(anonymous_0)","decl":{"start":{"line":5,"column":4},"end":{"line":5,"column":5}},"loc":{"start":{"line":5,"column":22},"end":{"line":9,"column":5}},"line":5},"1":{"name":"(anonymous_1)","decl":{"start":{"line":10,"column":4},"end":{"line":10,"column":5}},"loc":{"start":{"line":10,"column":24},"end":{"line":15,"column":5}},"line":10},"2":{"name":"(anonymous_2)","decl":{"start":{"line":16,"column":4},"end":{"line":16,"column":5}},"loc":{"start":{"line":16,"column":30},"end":{"line":21,"column":5}},"line":16},"3":{"name":"(anonymous_3)","decl":{"start":{"line":22,"column":4},"end":{"line":22,"column":5}},"loc":{"start":{"line":22,"column":28},"end":{"line":28,"column":5}},"line":22},"4":{"name":"(anonymous_4)","decl":{"start":{"line":29,"column":4},"end":{"line":29,"column":5}},"loc":{"start":{"line":29,"column":16},"end":{"line":31,"column":5}},"line":29},"5":{"name":"(anonymous_5)","decl":{"start":{"line":32,"column":4},"end":{"line":32,"column":5}},"loc":{"start":{"line":32,"column":18},"end":{"line":34,"column":5}},"line":32},"6":{"name":"(anonymous_6)","decl":{"start":{"line":35,"column":4},"end":{"line":35,"column":5}},"loc":{"start":{"line":35,"column":22},"end":{"line":42,"column":5}},"line":35},"7":{"name":"(anonymous_7)","decl":{"start":{"line":43,"column":4},"end":{"line":43,"column":5}},"loc":{"start":{"line":43,"column":22},"end":{"line":48,"column":5}},"line":43},"8":{"name":"(anonymous_8)","decl":{"start":{"line":49,"column":4},"end":{"line":49,"column":5}},"loc":{"start":{"line":49,"column":26},"end":{"line":51,"column":5}},"line":49},"9":{"name":"(anonymous_9)","decl":{"start":{"line":52,"column":4},"end":{"line":52,"column":5}},"loc":{"start":{"line":52,"column":13},"end":{"line":59,"column":5}},"line":52}},"branchMap":{"0":{"loc":{"start":{"line":11,"column":8},"end":{"line":13,"column":9}},"type":"if","locations":[{"start":{"line":11,"column":8},"end":{"line":13,"column":9}},{"start":{},"end":{}}],"line":11},"1":{"loc":{"start":{"line":17,"column":8},"end":{"line":19,"column":9}},"type":"if","locations":[{"start":{"line":17,"column":8},"end":{"line":19,"column":9}},{"start":{},"end":{}}],"line":17},"2":{"loc":{"start":{"line":24,"column":8},"end":{"line":26,"column":9}},"type":"if","locations":[{"start":{"line":24,"column":8},"end":{"line":26,"column":9}},{"start":{},"end":{}}],"line":24},"3":{"loc":{"start":{"line":36,"column":8},"end":{"line":41,"column":9}},"type":"if","locations":[{"start":{"line":36,"column":8},"end":{"line":41,"column":9}},{"start":{"line":39,"column":13},"end":{"line":41,"column":9}}],"line":36},"4":{"loc":{"start":{"line":44,"column":8},"end":{"line":46,"column":9}},"type":"if","locations":[{"start":{"line":44,"column":8},"end":{"line":46,"column":9}},{"start":{},"end":{}}],"line":44},"5":{"loc":{"start":{"line":44,"column":12},"end":{"line":44,"column":39}},"type":"binary-expr","locations":[{"start":{"line":44,"column":12},"end":{"line":44,"column":17}},{"start":{"line":44,"column":21},"end":{"line":44,"column":39}}],"line":44}},"s":{"0":1,"1":1,"2":5,"3":5,"4":4,"5":2,"6":1,"7":1,"8":2,"9":0,"10":2,"11":2,"12":2,"13":1,"14":1,"15":0,"16":1,"17":5,"18":4,"19":1,"20":5,"21":1,"22":4,"23":0,"24":0,"25":1},"f":{"0":5,"1":2,"2":2,"3":2,"4":0,"5":1,"6":5,"7":5,"8":0,"9":0},"b":{"0":[1,1],"1":[0,2],"2":[1,1],"3":[4,1],"4":[1,4],"5":[5,4]},"inputSourceMap":null,"_coverageSchema":"1a1c01bbd47fc00a2c39e90264f33305004495a9","hash":"184960c465ee3ac72d8e5607d1457d78e746ff82"}
,"C:\\Users\\196890\\Desktop\\banco-poo\\dist\\models\\Cliente.js": {"path":"C:\\Users\\196890\\Desktop\\banco-poo\\dist\\models\\Cliente.js","statementMap":{"0":{"start":{"line":2,"column":0},"end":{"line":2,"column":62}},"1":{"start":{"line":3,"column":0},"end":{"line":3,"column":25}},"2":{"start":{"line":6,"column":8},"end":{"line":6,"column":56}},"3":{"start":{"line":7,"column":8},"end":{"line":7,"column":28}},"4":{"start":{"line":8,"column":8},"end":{"line":8,"column":26}},"5":{"start":{"line":9,"column":8},"end":{"line":9,"column":26}},"6":{"start":{"line":12,"column":8},"end":{"line":14,"column":9}},"7":{"start":{"line":13,"column":12},"end":{"line":13,"column":76}},"8":{"start":{"line":15,"column":8},"end":{"line":15,"column":28}},"9":{"start":{"line":19,"column":8},"end":{"line":24,"column":9}},"10":{"start":{"line":20,"column":12},"end":{"line":20,"column":48}},"11":{"start":{"line":23,"column":12},"end":{"line":23,"column":45}},"12":{"start":{"line":28,"column":8},"end":{"line":33,"column":9}},"13":{"start":{"line":29,"column":12},"end":{"line":29,"column":82}},"14":{"start":{"line":29,"column":54},"end":{"line":29,"column":80}},"15":{"start":{"line":32,"column":12},"end":{"line":32,"column":75}},"16":{"start":{"line":32,"column":54},"end":{"line":32,"column":73}},"17":{"start":{"line":36,"column":8},"end":{"line":36,"column":24}},"18":{"start":{"line":39,"column":8},"end":{"line":39,"column":26}},"19":{"start":{"line":42,"column":8},"end":{"line":47,"column":9}},"20":{"start":{"line":43,"column":12},"end":{"line":43,"column":30}},"21":{"start":{"line":46,"column":12},"end":{"line":46,"column":65}},"22":{"start":{"line":50,"column":8},"end":{"line":50,"column":25}},"23":{"start":{"line":53,"column":8},"end":{"line":58,"column":9}},"24":{"start":{"line":54,"column":12},"end":{"line":54,"column":28}},"25":{"start":{"line":57,"column":12},"end":{"line":57,"column":74}},"26":{"start":{"line":61,"column":22},"end":{"line":61,"column":51}},"27":{"start":{"line":62,"column":8},"end":{"line":62,"column":31}},"28":{"start":{"line":65,"column":8},"end":{"line":67,"column":9}},"29":{"start":{"line":66,"column":12},"end":{"line":66,"column":25}},"30":{"start":{"line":68,"column":8},"end":{"line":68,"column":20}},"31":{"start":{"line":71,"column":8},"end":{"line":77,"column":10}},"32":{"start":{"line":80,"column":0},"end":{"line":80,"column":26}}},"fnMap":{"0":{"name":"(anonymous_0)","decl":{"start":{"line":5,"column":4},"end":{"line":5,"column":5}},"loc":{"start":{"line":5,"column":27},"end":{"line":10,"column":5}},"line":5},"1":{"name":"(anonymous_1)","decl":{"start":{"line":11,"column":4},"end":{"line":11,"column":5}},"loc":{"start":{"line":11,"column":22},"end":{"line":16,"column":5}},"line":11},"2":{"name":"(anonymous_2)","decl":{"start":{"line":18,"column":4},"end":{"line":18,"column":5}},"loc":{"start":{"line":18,"column":34},"end":{"line":25,"column":5}},"line":18},"3":{"name":"(anonymous_3)","decl":{"start":{"line":27,"column":4},"end":{"line":27,"column":5}},"loc":{"start":{"line":27,"column":32},"end":{"line":34,"column":5}},"line":27},"4":{"name":"(anonymous_4)","decl":{"start":{"line":29,"column":47},"end":{"line":29,"column":48}},"loc":{"start":{"line":29,"column":54},"end":{"line":29,"column":80}},"line":29},"5":{"name":"(anonymous_5)","decl":{"start":{"line":32,"column":47},"end":{"line":32,"column":48}},"loc":{"start":{"line":32,"column":54},"end":{"line":32,"column":73}},"line":32},"6":{"name":"(anonymous_6)","decl":{"start":{"line":35,"column":4},"end":{"line":35,"column":5}},"loc":{"start":{"line":35,"column":16},"end":{"line":37,"column":5}},"line":35},"7":{"name":"(anonymous_7)","decl":{"start":{"line":38,"column":4},"end":{"line":38,"column":5}},"loc":{"start":{"line":38,"column":18},"end":{"line":40,"column":5}},"line":38},"8":{"name":"(anonymous_8)","decl":{"start":{"line":41,"column":4},"end":{"line":41,"column":5}},"loc":{"start":{"line":41,"column":22},"end":{"line":48,"column":5}},"line":41},"9":{"name":"(anonymous_9)","decl":{"start":{"line":49,"column":4},"end":{"line":49,"column":5}},"loc":{"start":{"line":49,"column":17},"end":{"line":51,"column":5}},"line":49},"10":{"name":"(anonymous_10)","decl":{"start":{"line":52,"column":4},"end":{"line":52,"column":5}},"loc":{"start":{"line":52,"column":20},"end":{"line":59,"column":5}},"line":52},"11":{"name":"(anonymous_11)","decl":{"start":{"line":60,"column":4},"end":{"line":60,"column":5}},"loc":{"start":{"line":60,"column":20},"end":{"line":63,"column":5}},"line":60},"12":{"name":"(anonymous_12)","decl":{"start":{"line":64,"column":4},"end":{"line":64,"column":5}},"loc":{"start":{"line":64,"column":22},"end":{"line":69,"column":5}},"line":64},"13":{"name":"(anonymous_13)","decl":{"start":{"line":70,"column":4},"end":{"line":70,"column":5}},"loc":{"start":{"line":70,"column":13},"end":{"line":78,"column":5}},"line":70}},"branchMap":{"0":{"loc":{"start":{"line":12,"column":8},"end":{"line":14,"column":9}},"type":"if","locations":[{"start":{"line":12,"column":8},"end":{"line":14,"column":9}},{"start":{},"end":{}}],"line":12},"1":{"loc":{"start":{"line":19,"column":8},"end":{"line":24,"column":9}},"type":"if","locations":[{"start":{"line":19,"column":8},"end":{"line":24,"column":9}},{"start":{"line":22,"column":13},"end":{"line":24,"column":9}}],"line":19},"2":{"loc":{"start":{"line":28,"column":8},"end":{"line":33,"column":9}},"type":"if","locations":[{"start":{"line":28,"column":8},"end":{"line":33,"column":9}},{"start":{"line":31,"column":13},"end":{"line":33,"column":9}}],"line":28},"3":{"loc":{"start":{"line":42,"column":8},"end":{"line":47,"column":9}},"type":"if","locations":[{"start":{"line":42,"column":8},"end":{"line":47,"column":9}},{"start":{"line":45,"column":13},"end":{"line":47,"column":9}}],"line":42},"4":{"loc":{"start":{"line":53,"column":8},"end":{"line":58,"column":9}},"type":"if","locations":[{"start":{"line":53,"column":8},"end":{"line":58,"column":9}},{"start":{"line":56,"column":13},"end":{"line":58,"column":9}}],"line":53},"5":{"loc":{"start":{"line":65,"column":8},"end":{"line":67,"column":9}},"type":"if","locations":[{"start":{"line":65,"column":8},"end":{"line":67,"column":9}},{"start":{},"end":{}}],"line":65},"6":{"loc":{"start":{"line":65,"column":12},"end":{"line":65,"column":39}},"type":"binary-expr","locations":[{"start":{"line":65,"column":12},"end":{"line":65,"column":17}},{"start":{"line":65,"column":21},"end":{"line":65,"column":39}}],"line":65}},"s":{"0":2,"1":2,"2":8,"3":8,"4":7,"5":6,"6":2,"7":1,"8":1,"9":2,"10":0,"11":2,"12":1,"13":0,"14":0,"15":1,"16":1,"17":0,"18":1,"19":8,"20":7,"21":1,"22":1,"23":7,"24":6,"25":1,"26":7,"27":7,"28":8,"29":1,"30":7,"31":0,"32":2},"f":{"0":8,"1":2,"2":2,"3":1,"4":0,"5":1,"6":0,"7":1,"8":8,"9":1,"10":7,"11":7,"12":8,"13":0},"b":{"0":[1,1],"1":[0,2],"2":[0,1],"3":[7,1],"4":[6,1],"5":[1,7],"6":[8,7]},"inputSourceMap":null,"_coverageSchema":"1a1c01bbd47fc00a2c39e90264f33305004495a9","hash":"ccb711652d7aff061f560991bb0709dca603390f"}
,"C:\\Users\\196890\\Desktop\\banco-poo\\dist\\models\\Conta.js": {"path":"C:\\Users\\196890\\Desktop\\banco-poo\\dist\\models\\Conta.js","statementMap":{"0":{"start":{"line":2,"column":0},"end":{"line":2,"column":62}},"1":{"start":{"line":3,"column":0},"end":{"line":3,"column":23}},"2":{"start":{"line":4,"column":20},"end":{"line":4,"column":42}},"3":{"start":{"line":7,"column":8},"end":{"line":7,"column":32}},"4":{"start":{"line":8,"column":8},"end":{"line":8,"column":34}},"5":{"start":{"line":9,"column":8},"end":{"line":9,"column":30}},"6":{"start":{"line":10,"column":8},"end":{"line":10,"column":30}},"7":{"start":{"line":13,"column":8},"end":{"line":13,"column":29}},"8":{"start":{"line":16,"column":8},"end":{"line":22,"column":9}},"9":{"start":{"line":17,"column":12},"end":{"line":17,"column":33}},"10":{"start":{"line":18,"column":12},"end":{"line":18,"column":80}},"11":{"start":{"line":21,"column":12},"end":{"line":21,"column":69}},"12":{"start":{"line":25,"column":8},"end":{"line":31,"column":9}},"13":{"start":{"line":26,"column":12},"end":{"line":26,"column":33}},"14":{"start":{"line":27,"column":12},"end":{"line":27,"column":81}},"15":{"start":{"line":30,"column":12},"end":{"line":30,"column":51}},"16":{"start":{"line":34,"column":8},"end":{"line":36,"column":9}},"17":{"start":{"line":35,"column":12},"end":{"line":35,"column":78}},"18":{"start":{"line":37,"column":8},"end":{"line":37,"column":32}},"19":{"start":{"line":40,"column":8},"end":{"line":42,"column":9}},"20":{"start":{"line":41,"column":12},"end":{"line":41,"column":64}},"21":{"start":{"line":43,"column":8},"end":{"line":43,"column":41}},"22":{"start":{"line":46,"column":22},"end":{"line":46,"column":57}},"23":{"start":{"line":47,"column":8},"end":{"line":49,"column":9}},"24":{"start":{"line":48,"column":12},"end":{"line":48,"column":63}},"25":{"start":{"line":50,"column":8},"end":{"line":50,"column":42}},"26":{"start":{"line":53,"column":8},"end":{"line":53,"column":28}},"27":{"start":{"line":56,"column":8},"end":{"line":61,"column":9}},"28":{"start":{"line":57,"column":12},"end":{"line":57,"column":34}},"29":{"start":{"line":60,"column":12},"end":{"line":60,"column":76}},"30":{"start":{"line":64,"column":8},"end":{"line":64,"column":29}},"31":{"start":{"line":67,"column":8},"end":{"line":72,"column":9}},"32":{"start":{"line":68,"column":12},"end":{"line":68,"column":36}},"33":{"start":{"line":71,"column":12},"end":{"line":71,"column":78}},"34":{"start":{"line":75,"column":8},"end":{"line":75,"column":27}},"35":{"start":{"line":78,"column":8},"end":{"line":80,"column":9}},"36":{"start":{"line":79,"column":12},"end":{"line":79,"column":32}},"37":{"start":{"line":83,"column":22},"end":{"line":83,"column":37}},"38":{"start":{"line":84,"column":8},"end":{"line":84,"column":34}},"39":{"start":{"line":87,"column":22},"end":{"line":87,"column":37}},"40":{"start":{"line":88,"column":8},"end":{"line":88,"column":35}},"41":{"start":{"line":91,"column":8},"end":{"line":97,"column":10}},"42":{"start":{"line":100,"column":0},"end":{"line":100,"column":22}}},"fnMap":{"0":{"name":"(anonymous_0)","decl":{"start":{"line":6,"column":4},"end":{"line":6,"column":5}},"loc":{"start":{"line":6,"column":40},"end":{"line":11,"column":5}},"line":6},"1":{"name":"(anonymous_1)","decl":{"start":{"line":12,"column":4},"end":{"line":12,"column":5}},"loc":{"start":{"line":12,"column":16},"end":{"line":14,"column":5}},"line":12},"2":{"name":"(anonymous_2)","decl":{"start":{"line":15,"column":4},"end":{"line":15,"column":5}},"loc":{"start":{"line":15,"column":21},"end":{"line":23,"column":5}},"line":15},"3":{"name":"(anonymous_3)","decl":{"start":{"line":24,"column":4},"end":{"line":24,"column":5}},"loc":{"start":{"line":24,"column":17},"end":{"line":32,"column":5}},"line":24},"4":{"name":"(anonymous_4)","decl":{"start":{"line":33,"column":4},"end":{"line":33,"column":5}},"loc":{"start":{"line":33,"column":26},"end":{"line":38,"column":5}},"line":33},"5":{"name":"(anonymous_5)","decl":{"start":{"line":39,"column":4},"end":{"line":39,"column":5}},"loc":{"start":{"line":39,"column":34},"end":{"line":44,"column":5}},"line":39},"6":{"name":"(anonymous_6)","decl":{"start":{"line":45,"column":4},"end":{"line":45,"column":5}},"loc":{"start":{"line":45,"column":32},"end":{"line":51,"column":5}},"line":45},"7":{"name":"(anonymous_7)","decl":{"start":{"line":52,"column":4},"end":{"line":52,"column":5}},"loc":{"start":{"line":52,"column":20},"end":{"line":54,"column":5}},"line":52},"8":{"name":"(anonymous_8)","decl":{"start":{"line":55,"column":4},"end":{"line":55,"column":5}},"loc":{"start":{"line":55,"column":26},"end":{"line":62,"column":5}},"line":55},"9":{"name":"(anonymous_9)","decl":{"start":{"line":63,"column":4},"end":{"line":63,"column":5}},"loc":{"start":{"line":63,"column":21},"end":{"line":65,"column":5}},"line":63},"10":{"name":"(anonymous_10)","decl":{"start":{"line":66,"column":4},"end":{"line":66,"column":5}},"loc":{"start":{"line":66,"column":28},"end":{"line":73,"column":5}},"line":66},"11":{"name":"(anonymous_11)","decl":{"start":{"line":74,"column":4},"end":{"line":74,"column":5}},"loc":{"start":{"line":74,"column":19},"end":{"line":76,"column":5}},"line":74},"12":{"name":"(anonymous_12)","decl":{"start":{"line":77,"column":4},"end":{"line":77,"column":5}},"loc":{"start":{"line":77,"column":24},"end":{"line":81,"column":5}},"line":77},"13":{"name":"(anonymous_13)","decl":{"start":{"line":82,"column":4},"end":{"line":82,"column":5}},"loc":{"start":{"line":82,"column":27},"end":{"line":85,"column":5}},"line":82},"14":{"name":"(anonymous_14)","decl":{"start":{"line":86,"column":4},"end":{"line":86,"column":5}},"loc":{"start":{"line":86,"column":29},"end":{"line":89,"column":5}},"line":86},"15":{"name":"(anonymous_15)","decl":{"start":{"line":90,"column":4},"end":{"line":90,"column":5}},"loc":{"start":{"line":90,"column":13},"end":{"line":98,"column":5}},"line":90}},"branchMap":{"0":{"loc":{"start":{"line":16,"column":8},"end":{"line":22,"column":9}},"type":"if","locations":[{"start":{"line":16,"column":8},"end":{"line":22,"column":9}},{"start":{"line":20,"column":13},"end":{"line":22,"column":9}}],"line":16},"1":{"loc":{"start":{"line":25,"column":8},"end":{"line":31,"column":9}},"type":"if","locations":[{"start":{"line":25,"column":8},"end":{"line":31,"column":9}},{"start":{"line":29,"column":13},"end":{"line":31,"column":9}}],"line":25},"2":{"loc":{"start":{"line":25,"column":12},"end":{"line":25,"column":45}},"type":"binary-expr","locations":[{"start":{"line":25,"column":12},"end":{"line":25,"column":32}},{"start":{"line":25,"column":36},"end":{"line":25,"column":45}}],"line":25},"3":{"loc":{"start":{"line":34,"column":8},"end":{"line":36,"column":9}},"type":"if","locations":[{"start":{"line":34,"column":8},"end":{"line":36,"column":9}},{"start":{},"end":{}}],"line":34},"4":{"loc":{"start":{"line":40,"column":8},"end":{"line":42,"column":9}},"type":"if","locations":[{"start":{"line":40,"column":8},"end":{"line":42,"column":9}},{"start":{},"end":{}}],"line":40},"5":{"loc":{"start":{"line":47,"column":8},"end":{"line":49,"column":9}},"type":"if","locations":[{"start":{"line":47,"column":8},"end":{"line":49,"column":9}},{"start":{},"end":{}}],"line":47},"6":{"loc":{"start":{"line":56,"column":8},"end":{"line":61,"column":9}},"type":"if","locations":[{"start":{"line":56,"column":8},"end":{"line":61,"column":9}},{"start":{"line":59,"column":13},"end":{"line":61,"column":9}}],"line":56},"7":{"loc":{"start":{"line":67,"column":8},"end":{"line":72,"column":9}},"type":"if","locations":[{"start":{"line":67,"column":8},"end":{"line":72,"column":9}},{"start":{"line":70,"column":13},"end":{"line":72,"column":9}}],"line":67},"8":{"loc":{"start":{"line":78,"column":8},"end":{"line":80,"column":9}},"type":"if","locations":[{"start":{"line":78,"column":8},"end":{"line":80,"column":9}},{"start":{},"end":{}}],"line":78}},"s":{"0":4,"1":4,"2":4,"3":18,"4":18,"5":18,"6":18,"7":3,"8":4,"9":2,"10":2,"11":2,"12":4,"13":2,"14":2,"15":2,"16":0,"17":0,"18":0,"19":2,"20":0,"21":2,"22":0,"23":0,"24":0,"25":0,"26":2,"27":18,"28":18,"29":0,"30":2,"31":18,"32":18,"33":0,"34":11,"35":20,"36":19,"37":18,"38":18,"39":18,"40":18,"41":0,"42":4},"f":{"0":18,"1":3,"2":4,"3":4,"4":0,"5":2,"6":0,"7":2,"8":18,"9":2,"10":18,"11":11,"12":20,"13":18,"14":18,"15":0},"b":{"0":[2,2],"1":[2,2],"2":[4,2],"3":[0,0],"4":[0,2],"5":[0,0],"6":[18,0],"7":[18,0],"8":[19,1]},"inputSourceMap":null,"_coverageSchema":"1a1c01bbd47fc00a2c39e90264f33305004495a9","hash":"8bb254327a60b7d7488c21a94ab231cec63c8f7d"}
,"C:\\Users\\196890\\Desktop\\banco-poo\\dist\\models\\ContaCorrente.js": {"path":"C:\\Users\\196890\\Desktop\\banco-poo\\dist\\models\\ContaCorrente.js","statementMap":{"0":{"start":{"line":2,"column":0},"end":{"line":2,"column":62}},"1":{"start":{"line":3,"column":0},"end":{"line":3,"column":31}},"2":{"start":{"line":4,"column":16},"end":{"line":4,"column":34}},"3":{"start":{"line":5,"column":20},"end":{"line":5,"column":42}},"4":{"start":{"line":8,"column":8},"end":{"line":8,"column":38}},"5":{"start":{"line":9,"column":8},"end":{"line":9,"column":60}},"6":{"start":{"line":10,"column":8},"end":{"line":10,"column":32}},"7":{"start":{"line":13,"column":27},"end":{"line":13,"column":43}},"8":{"start":{"line":14,"column":8},"end":{"line":20,"column":9}},"9":{"start":{"line":15,"column":12},"end":{"line":15,"column":47}},"10":{"start":{"line":16,"column":12},"end":{"line":16,"column":83}},"11":{"start":{"line":19,"column":12},"end":{"line":19,"column":67}},"12":{"start":{"line":23,"column":8},"end":{"line":23,"column":26}},"13":{"start":{"line":26,"column":8},"end":{"line":26,"column":42}},"14":{"start":{"line":29,"column":8},"end":{"line":34,"column":9}},"15":{"start":{"line":30,"column":12},"end":{"line":30,"column":48}},"16":{"start":{"line":33,"column":12},"end":{"line":33,"column":91}},"17":{"start":{"line":37,"column":8},"end":{"line":37,"column":117}},"18":{"start":{"line":40,"column":0},"end":{"line":40,"column":38}}},"fnMap":{"0":{"name":"(anonymous_0)","decl":{"start":{"line":7,"column":4},"end":{"line":7,"column":5}},"loc":{"start":{"line":7,"column":62},"end":{"line":11,"column":5}},"line":7},"1":{"name":"(anonymous_1)","decl":{"start":{"line":12,"column":4},"end":{"line":12,"column":5}},"loc":{"start":{"line":12,"column":30},"end":{"line":21,"column":5}},"line":12},"2":{"name":"(anonymous_2)","decl":{"start":{"line":22,"column":4},"end":{"line":22,"column":5}},"loc":{"start":{"line":22,"column":18},"end":{"line":24,"column":5}},"line":22},"3":{"name":"(anonymous_3)","decl":{"start":{"line":25,"column":4},"end":{"line":25,"column":5}},"loc":{"start":{"line":25,"column":34},"end":{"line":27,"column":5}},"line":25},"4":{"name":"(anonymous_4)","decl":{"start":{"line":28,"column":4},"end":{"line":28,"column":5}},"loc":{"start":{"line":28,"column":40},"end":{"line":35,"column":5}},"line":28},"5":{"name":"(anonymous_5)","decl":{"start":{"line":36,"column":4},"end":{"line":36,"column":5}},"loc":{"start":{"line":36,"column":13},"end":{"line":38,"column":5}},"line":36}},"branchMap":{"0":{"loc":{"start":{"line":14,"column":8},"end":{"line":20,"column":9}},"type":"if","locations":[{"start":{"line":14,"column":8},"end":{"line":20,"column":9}},{"start":{"line":18,"column":13},"end":{"line":20,"column":9}}],"line":14},"1":{"loc":{"start":{"line":29,"column":8},"end":{"line":34,"column":9}},"type":"if","locations":[{"start":{"line":29,"column":8},"end":{"line":34,"column":9}},{"start":{"line":32,"column":13},"end":{"line":34,"column":9}}],"line":29}},"s":{"0":3,"1":3,"2":3,"3":3,"4":10,"5":10,"6":9,"7":2,"8":2,"9":1,"10":1,"11":1,"12":0,"13":1,"14":10,"15":9,"16":1,"17":0,"18":3},"f":{"0":10,"1":2,"2":0,"3":1,"4":10,"5":0},"b":{"0":[1,1],"1":[9,1]},"inputSourceMap":null,"_coverageSchema":"1a1c01bbd47fc00a2c39e90264f33305004495a9","hash":"6fdb8f1527feacc9cd975458058bc95253fa0215"}
,"C:\\Users\\196890\\Desktop\\banco-poo\\dist\\models\\ContaPoupanca.js": {"path":"C:\\Users\\196890\\Desktop\\banco-poo\\dist\\models\\ContaPoupanca.js","statementMap":{"0":{"start":{"line":2,"column":0},"end":{"line":2,"column":62}},"1":{"start":{"line":3,"column":0},"end":{"line":3,"column":31}},"2":{"start":{"line":4,"column":16},"end":{"line":4,"column":34}},"3":{"start":{"line":5,"column":20},"end":{"line":5,"column":42}},"4":{"start":{"line":8,"column":8},"end":{"line":8,"column":38}},"5":{"start":{"line":9,"column":8},"end":{"line":9,"column":38}},"6":{"start":{"line":10,"column":8},"end":{"line":10,"column":32}},"7":{"start":{"line":13,"column":25},"end":{"line":13,"column":41}},"8":{"start":{"line":14,"column":22},"end":{"line":14,"column":58}},"9":{"start":{"line":15,"column":8},"end":{"line":15,"column":28}},"10":{"start":{"line":16,"column":8},"end":{"line":16,"column":35}},"11":{"start":{"line":17,"column":8},"end":{"line":17,"column":79}},"12":{"start":{"line":20,"column":8},"end":{"line":20,"column":31}},"13":{"start":{"line":23,"column":8},"end":{"line":28,"column":9}},"14":{"start":{"line":24,"column":12},"end":{"line":24,"column":40}},"15":{"start":{"line":27,"column":12},"end":{"line":27,"column":79}},"16":{"start":{"line":31,"column":8},"end":{"line":31,"column":26}},"17":{"start":{"line":34,"column":8},"end":{"line":34,"column":95}},"18":{"start":{"line":37,"column":0},"end":{"line":37,"column":38}}},"fnMap":{"0":{"name":"(anonymous_0)","decl":{"start":{"line":7,"column":4},"end":{"line":7,"column":5}},"loc":{"start":{"line":7,"column":51},"end":{"line":11,"column":5}},"line":7},"1":{"name":"(anonymous_1)","decl":{"start":{"line":12,"column":4},"end":{"line":12,"column":5}},"loc":{"start":{"line":12,"column":19},"end":{"line":18,"column":5}},"line":12},"2":{"name":"(anonymous_2)","decl":{"start":{"line":19,"column":4},"end":{"line":19,"column":5}},"loc":{"start":{"line":19,"column":23},"end":{"line":21,"column":5}},"line":19},"3":{"name":"(anonymous_3)","decl":{"start":{"line":22,"column":4},"end":{"line":22,"column":5}},"loc":{"start":{"line":22,"column":32},"end":{"line":29,"column":5}},"line":22},"4":{"name":"(anonymous_4)","decl":{"start":{"line":30,"column":4},"end":{"line":30,"column":5}},"loc":{"start":{"line":30,"column":18},"end":{"line":32,"column":5}},"line":30},"5":{"name":"(anonymous_5)","decl":{"start":{"line":33,"column":4},"end":{"line":33,"column":5}},"loc":{"start":{"line":33,"column":13},"end":{"line":35,"column":5}},"line":33}},"branchMap":{"0":{"loc":{"start":{"line":23,"column":8},"end":{"line":28,"column":9}},"type":"if","locations":[{"start":{"line":23,"column":8},"end":{"line":28,"column":9}},{"start":{"line":26,"column":13},"end":{"line":28,"column":9}}],"line":23}},"s":{"0":2,"1":2,"2":2,"3":2,"4":8,"5":8,"6":7,"7":1,"8":1,"9":1,"10":1,"11":1,"12":0,"13":8,"14":7,"15":1,"16":1,"17":0,"18":2},"f":{"0":8,"1":1,"2":0,"3":8,"4":1,"5":0},"b":{"0":[7,1]},"inputSourceMap":null,"_coverageSchema":"1a1c01bbd47fc00a2c39e90264f33305004495a9","hash":"fdafe1b6a19a83f63eab31b94d0320633474c8c6"}
,"C:\\Users\\196890\\Desktop\\banco-poo\\dist\\models\\Transacao.js": {"path":"C:\\Users\\196890\\Desktop\\banco-poo\\dist\\models\\Transacao.js","statementMap":{"0":{"start":{"line":2,"column":0},"end":{"line":2,"column":62}},"1":{"start":{"line":3,"column":0},"end":{"line":3,"column":27}},"2":{"start":{"line":6,"column":8},"end":{"line":6,"column":56}},"3":{"start":{"line":7,"column":8},"end":{"line":7,"column":28}},"4":{"start":{"line":8,"column":8},"end":{"line":8,"column":26}},"5":{"start":{"line":11,"column":8},"end":{"line":11,"column":24}},"6":{"start":{"line":14,"column":8},"end":{"line":14,"column":27}},"7":{"start":{"line":17,"column":8},"end":{"line":19,"column":9}},"8":{"start":{"line":18,"column":12},"end":{"line":18,"column":32}},"9":{"start":{"line":22,"column":8},"end":{"line":22,"column":26}},"10":{"start":{"line":25,"column":8},"end":{"line":29,"column":10}},"11":{"start":{"line":32,"column":0},"end":{"line":32,"column":30}}},"fnMap":{"0":{"name":"(anonymous_0)","decl":{"start":{"line":5,"column":4},"end":{"line":5,"column":5}},"loc":{"start":{"line":5,"column":29},"end":{"line":9,"column":5}},"line":5},"1":{"name":"(anonymous_1)","decl":{"start":{"line":10,"column":4},"end":{"line":10,"column":5}},"loc":{"start":{"line":10,"column":16},"end":{"line":12,"column":5}},"line":10},"2":{"name":"(anonymous_2)","decl":{"start":{"line":13,"column":4},"end":{"line":13,"column":5}},"loc":{"start":{"line":13,"column":19},"end":{"line":15,"column":5}},"line":13},"3":{"name":"(anonymous_3)","decl":{"start":{"line":16,"column":4},"end":{"line":16,"column":5}},"loc":{"start":{"line":16,"column":24},"end":{"line":20,"column":5}},"line":16},"4":{"name":"(anonymous_4)","decl":{"start":{"line":21,"column":4},"end":{"line":21,"column":5}},"loc":{"start":{"line":21,"column":18},"end":{"line":23,"column":5}},"line":21},"5":{"name":"(anonymous_5)","decl":{"start":{"line":24,"column":4},"end":{"line":24,"column":5}},"loc":{"start":{"line":24,"column":13},"end":{"line":30,"column":5}},"line":24}},"branchMap":{"0":{"loc":{"start":{"line":17,"column":8},"end":{"line":19,"column":9}},"type":"if","locations":[{"start":{"line":17,"column":8},"end":{"line":19,"column":9}},{"start":{},"end":{}}],"line":17}},"s":{"0":5,"1":5,"2":9,"3":9,"4":9,"5":2,"6":2,"7":1,"8":1,"9":1,"10":0,"11":5},"f":{"0":9,"1":2,"2":2,"3":1,"4":1,"5":0},"b":{"0":[1,0]},"inputSourceMap":null,"_coverageSchema":"1a1c01bbd47fc00a2c39e90264f33305004495a9","hash":"37023c201d3bb770a6e3a6ac3abde8e46f0d9a18"}
,"C:\\Users\\196890\\Desktop\\banco-poo\\src\\models\\Banco.ts": {"path":"C:\\Users\\196890\\Desktop\\banco-poo\\src\\models\\Banco.ts","statementMap":{"0":{"start":{"line":9,"column":4},"end":{"line":9,"column":52}},"1":{"start":{"line":10,"column":4},"end":{"line":10,"column":24}},"2":{"start":{"line":11,"column":4},"end":{"line":11,"column":24}},"3":{"start":{"line":15,"column":4},"end":{"line":17,"column":5}},"4":{"start":{"line":16,"column":6},"end":{"line":16,"column":54}},"5":{"start":{"line":18,"column":4},"end":{"line":18,"column":26}},"6":{"start":{"line":22,"column":4},"end":{"line":24,"column":5}},"7":{"start":{"line":23,"column":6},"end":{"line":23,"column":56}},"8":{"start":{"line":25,"column":4},"end":{"line":25,"column":33}},"9":{"start":{"line":29,"column":18},"end":{"line":29,"column":49}},"10":{"start":{"line":31,"column":4},"end":{"line":33,"column":5}},"11":{"start":{"line":32,"column":6},"end":{"line":32,"column":55}},"12":{"start":{"line":34,"column":4},"end":{"line":34,"column":36}},"13":{"start":{"line":38,"column":4},"end":{"line":38,"column":20}},"14":{"start":{"line":42,"column":4},"end":{"line":42,"column":22}},"15":{"start":{"line":46,"column":4},"end":{"line":50,"column":5}},"16":{"start":{"line":47,"column":6},"end":{"line":47,"column":24}},"17":{"start":{"line":49,"column":6},"end":{"line":49,"column":59}},"18":{"start":{"line":54,"column":4},"end":{"line":56,"column":5}},"19":{"start":{"line":55,"column":6},"end":{"line":55,"column":19}},"20":{"start":{"line":57,"column":4},"end":{"line":57,"column":16}},"21":{"start":{"line":61,"column":4},"end":{"line":61,"column":33}},"22":{"start":{"line":65,"column":4},"end":{"line":70,"column":6}},"23":{"start":{"line":3,"column":0},"end":{"line":3,"column":13}}},"fnMap":{"0":{"name":"(anonymous_0)","decl":{"start":{"line":8,"column":2},"end":{"line":8,"column":14}},"loc":{"start":{"line":8,"column":26},"end":{"line":12,"column":3}}},"1":{"name":"(anonymous_1)","decl":{"start":{"line":14,"column":2},"end":{"line":14,"column":19}},"loc":{"start":{"line":14,"column":19},"end":{"line":19,"column":3}}},"2":{"name":"(anonymous_2)","decl":{"start":{"line":21,"column":2},"end":{"line":21,"column":18}},"loc":{"start":{"line":21,"column":35},"end":{"line":26,"column":3}}},"3":{"name":"(anonymous_3)","decl":{"start":{"line":28,"column":2},"end":{"line":28,"column":16}},"loc":{"start":{"line":28,"column":33},"end":{"line":35,"column":3}}},"4":{"name":"(anonymous_4)","decl":{"start":{"line":37,"column":2},"end":{"line":37,"column":6}},"loc":{"start":{"line":37,"column":11},"end":{"line":39,"column":3}}},"5":{"name":"(anonymous_5)","decl":{"start":{"line":41,"column":2},"end":{"line":41,"column":6}},"loc":{"start":{"line":41,"column":13},"end":{"line":43,"column":3}}},"6":{"name":"(anonymous_6)","decl":{"start":{"line":45,"column":2},"end":{"line":45,"column":6}},"loc":{"start":{"line":45,"column":26},"end":{"line":51,"column":3}}},"7":{"name":"(anonymous_7)","decl":{"start":{"line":53,"column":10},"end":{"line":53,"column":21}},"loc":{"start":{"line":53,"column":34},"end":{"line":58,"column":3}}},"8":{"name":"(anonymous_8)","decl":{"start":{"line":60,"column":10},"end":{"line":60,"column":29}},"loc":{"start":{"line":60,"column":29},"end":{"line":62,"column":3}}},"9":{"name":"(anonymous_9)","decl":{"start":{"line":64,"column":2},"end":{"line":64,"column":8}},"loc":{"start":{"line":64,"column":8},"end":{"line":71,"column":3}}}},"branchMap":{"0":{"loc":{"start":{"line":15,"column":4},"end":{"line":17,"column":5}},"type":"if","locations":[{"start":{"line":15,"column":4},"end":{"line":17,"column":5}}]},"1":{"loc":{"start":{"line":22,"column":4},"end":{"line":24,"column":5}},"type":"if","locations":[{"start":{"line":22,"column":4},"end":{"line":24,"column":5}}]},"2":{"loc":{"start":{"line":31,"column":4},"end":{"line":33,"column":5}},"type":"if","locations":[{"start":{"line":31,"column":4},"end":{"line":33,"column":5}}]},"3":{"loc":{"start":{"line":46,"column":4},"end":{"line":50,"column":5}},"type":"if","locations":[{"start":{"line":46,"column":4},"end":{"line":50,"column":5}},{"start":{"line":48,"column":11},"end":{"line":50,"column":5}}]},"4":{"loc":{"start":{"line":54,"column":4},"end":{"line":56,"column":5}},"type":"if","locations":[{"start":{"line":54,"column":4},"end":{"line":56,"column":5}}]},"5":{"loc":{"start":{"line":54,"column":8},"end":{"line":54,"column":35}},"type":"binary-expr","locations":[{"start":{"line":54,"column":8},"end":{"line":54,"column":13}},{"start":{"line":54,"column":17},"end":{"line":54,"column":35}}]}},"s":{"0":5,"1":5,"2":4,"3":2,"4":1,"5":1,"6":2,"7":0,"8":2,"9":2,"10":2,"11":1,"12":1,"13":0,"14":1,"15":5,"16":4,"17":1,"18":5,"19":1,"20":4,"21":0,"22":0,"23":1},"f":{"0":5,"1":2,"2":2,"3":2,"4":0,"5":1,"6":5,"7":5,"8":0,"9":0},"b":{"0":[1],"1":[0],"2":[1],"3":[4,1],"4":[1],"5":[5,4]}}
,"C:\\Users\\196890\\Desktop\\banco-poo\\src\\models\\Cliente.ts": {"path":"C:\\Users\\196890\\Desktop\\banco-poo\\src\\models\\Cliente.ts","statementMap":{"0":{"start":{"line":10,"column":4},"end":{"line":10,"column":52}},"1":{"start":{"line":11,"column":4},"end":{"line":11,"column":24}},"2":{"start":{"line":12,"column":4},"end":{"line":12,"column":22}},"3":{"start":{"line":13,"column":4},"end":{"line":13,"column":22}},"4":{"start":{"line":17,"column":4},"end":{"line":19,"column":5}},"5":{"start":{"line":18,"column":6},"end":{"line":18,"column":70}},"6":{"start":{"line":20,"column":4},"end":{"line":20,"column":24}},"7":{"start":{"line":29,"column":4},"end":{"line":33,"column":5}},"8":{"start":{"line":30,"column":6},"end":{"line":30,"column":42}},"9":{"start":{"line":32,"column":6},"end":{"line":32,"column":39}},"10":{"start":{"line":42,"column":4},"end":{"line":46,"column":5}},"11":{"start":{"line":43,"column":6},"end":{"line":43,"column":76}},"12":{"start":{"line":43,"column":48},"end":{"line":43,"column":74}},"13":{"start":{"line":45,"column":6},"end":{"line":45,"column":69}},"14":{"start":{"line":45,"column":48},"end":{"line":45,"column":67}},"15":{"start":{"line":50,"column":4},"end":{"line":50,"column":20}},"16":{"start":{"line":54,"column":4},"end":{"line":54,"column":22}},"17":{"start":{"line":58,"column":4},"end":{"line":62,"column":5}},"18":{"start":{"line":59,"column":6},"end":{"line":59,"column":24}},"19":{"start":{"line":61,"column":6},"end":{"line":61,"column":59}},"20":{"start":{"line":66,"column":4},"end":{"line":66,"column":21}},"21":{"start":{"line":70,"column":4},"end":{"line":74,"column":5}},"22":{"start":{"line":71,"column":6},"end":{"line":71,"column":22}},"23":{"start":{"line":73,"column":6},"end":{"line":73,"column":68}},"24":{"start":{"line":78,"column":18},"end":{"line":78,"column":47}},"25":{"start":{"line":79,"column":4},"end":{"line":79,"column":27}},"26":{"start":{"line":83,"column":4},"end":{"line":85,"column":5}},"27":{"start":{"line":84,"column":6},"end":{"line":84,"column":19}},"28":{"start":{"line":86,"column":4},"end":{"line":86,"column":16}},"29":{"start":{"line":90,"column":4},"end":{"line":96,"column":6}},"30":{"start":{"line":3,"column":0},"end":{"line":3,"column":13}}},"fnMap":{"0":{"name":"(anonymous_0)","decl":{"start":{"line":9,"column":2},"end":{"line":9,"column":14}},"loc":{"start":{"line":9,"column":39},"end":{"line":14,"column":3}}},"1":{"name":"(anonymous_1)","decl":{"start":{"line":16,"column":2},"end":{"line":16,"column":17}},"loc":{"start":{"line":16,"column":17},"end":{"line":21,"column":3}}},"2":{"name":"(anonymous_2)","decl":{"start":{"line":28,"column":2},"end":{"line":28,"column":16}},"loc":{"start":{"line":28,"column":47},"end":{"line":34,"column":3}}},"3":{"name":"(anonymous_3)","decl":{"start":{"line":41,"column":2},"end":{"line":41,"column":14}},"loc":{"start":{"line":41,"column":45},"end":{"line":47,"column":3}}},"4":{"name":"(anonymous_4)","decl":{"start":{"line":43,"column":41},"end":{"line":43,"column":42}},"loc":{"start":{"line":43,"column":48},"end":{"line":43,"column":74}}},"5":{"name":"(anonymous_5)","decl":{"start":{"line":45,"column":41},"end":{"line":45,"column":42}},"loc":{"start":{"line":45,"column":48},"end":{"line":45,"column":67}}},"6":{"name":"(anonymous_6)","decl":{"start":{"line":49,"column":2},"end":{"line":49,"column":6}},"loc":{"start":{"line":49,"column":11},"end":{"line":51,"column":3}}},"7":{"name":"(anonymous_7)","decl":{"start":{"line":53,"column":2},"end":{"line":53,"column":6}},"loc":{"start":{"line":53,"column":13},"end":{"line":55,"column":3}}},"8":{"name":"(anonymous_8)","decl":{"start":{"line":57,"column":2},"end":{"line":57,"column":6}},"loc":{"start":{"line":57,"column":26},"end":{"line":63,"column":3}}},"9":{"name":"(anonymous_9)","decl":{"start":{"line":65,"column":2},"end":{"line":65,"column":6}},"loc":{"start":{"line":65,"column":12},"end":{"line":67,"column":3}}},"10":{"name":"(anonymous_10)","decl":{"start":{"line":69,"column":2},"end":{"line":69,"column":6}},"loc":{"start":{"line":69,"column":24},"end":{"line":75,"column":3}}},"11":{"name":"(anonymous_11)","decl":{"start":{"line":77,"column":10},"end":{"line":77,"column":20}},"loc":{"start":{"line":77,"column":32},"end":{"line":80,"column":3}}},"12":{"name":"(anonymous_12)","decl":{"start":{"line":82,"column":10},"end":{"line":82,"column":21}},"loc":{"start":{"line":82,"column":34},"end":{"line":87,"column":3}}},"13":{"name":"(anonymous_13)","decl":{"start":{"line":89,"column":2},"end":{"line":89,"column":8}},"loc":{"start":{"line":89,"column":8},"end":{"line":97,"column":3}}}},"branchMap":{"0":{"loc":{"start":{"line":17,"column":4},"end":{"line":19,"column":5}},"type":"if","locations":[{"start":{"line":17,"column":4},"end":{"line":19,"column":5}}]},"1":{"loc":{"start":{"line":29,"column":4},"end":{"line":33,"column":5}},"type":"if","locations":[{"start":{"line":29,"column":4},"end":{"line":33,"column":5}},{"start":{"line":31,"column":11},"end":{"line":33,"column":5}}]},"2":{"loc":{"start":{"line":42,"column":4},"end":{"line":46,"column":5}},"type":"if","locations":[{"start":{"line":42,"column":4},"end":{"line":46,"column":5}},{"start":{"line":44,"column":11},"end":{"line":46,"column":5}}]},"3":{"loc":{"start":{"line":58,"column":4},"end":{"line":62,"column":5}},"type":"if","locations":[{"start":{"line":58,"column":4},"end":{"line":62,"column":5}},{"start":{"line":60,"column":11},"end":{"line":62,"column":5}}]},"4":{"loc":{"start":{"line":70,"column":4},"end":{"line":74,"column":5}},"type":"if","locations":[{"start":{"line":70,"column":4},"end":{"line":74,"column":5}},{"start":{"line":72,"column":11},"end":{"line":74,"column":5}}]},"5":{"loc":{"start":{"line":83,"column":4},"end":{"line":85,"column":5}},"type":"if","locations":[{"start":{"line":83,"column":4},"end":{"line":85,"column":5}}]},"6":{"loc":{"start":{"line":83,"column":8},"end":{"line":83,"column":35}},"type":"binary-expr","locations":[{"start":{"line":83,"column":8},"end":{"line":83,"column":13}},{"start":{"line":83,"column":17},"end":{"line":83,"column":35}}]}},"s":{"0":8,"1":8,"2":7,"3":6,"4":2,"5":1,"6":1,"7":2,"8":0,"9":2,"10":1,"11":0,"12":0,"13":1,"14":1,"15":0,"16":1,"17":8,"18":7,"19":1,"20":1,"21":7,"22":6,"23":1,"24":7,"25":7,"26":8,"27":1,"28":7,"29":0,"30":2},"f":{"0":8,"1":2,"2":2,"3":1,"4":0,"5":1,"6":0,"7":1,"8":8,"9":1,"10":7,"11":7,"12":8,"13":0},"b":{"0":[1],"1":[0,2],"2":[0,1],"3":[7,1],"4":[6,1],"5":[1],"6":[8,7]}}
,"C:\\Users\\196890\\Desktop\\banco-poo\\src\\models\\Conta.ts": {"path":"C:\\Users\\196890\\Desktop\\banco-poo\\src\\models\\Conta.ts","statementMap":{"0":{"start":{"line":1,"column":0},"end":{"line":1,"column":40}},"1":{"start":{"line":10,"column":4},"end":{"line":10,"column":28}},"2":{"start":{"line":11,"column":4},"end":{"line":11,"column":30}},"3":{"start":{"line":12,"column":4},"end":{"line":12,"column":26}},"4":{"start":{"line":13,"column":4},"end":{"line":13,"column":26}},"5":{"start":{"line":17,"column":4},"end":{"line":17,"column":25}},"6":{"start":{"line":21,"column":4},"end":{"line":26,"column":5}},"7":{"start":{"line":22,"column":6},"end":{"line":22,"column":27}},"8":{"start":{"line":23,"column":6},"end":{"line":23,"column":62}},"9":{"start":{"line":25,"column":6},"end":{"line":25,"column":63}},"10":{"start":{"line":30,"column":4},"end":{"line":35,"column":5}},"11":{"start":{"line":31,"column":6},"end":{"line":31,"column":27}},"12":{"start":{"line":32,"column":6},"end":{"line":32,"column":63}},"13":{"start":{"line":34,"column":6},"end":{"line":34,"column":45}},"14":{"start":{"line":39,"column":4},"end":{"line":41,"column":5}},"15":{"start":{"line":40,"column":6},"end":{"line":40,"column":72}},"16":{"start":{"line":42,"column":4},"end":{"line":42,"column":28}},"17":{"start":{"line":46,"column":4},"end":{"line":48,"column":5}},"18":{"start":{"line":47,"column":6},"end":{"line":47,"column":58}},"19":{"start":{"line":49,"column":4},"end":{"line":49,"column":37}},"20":{"start":{"line":53,"column":18},"end":{"line":53,"column":53}},"21":{"start":{"line":54,"column":4},"end":{"line":56,"column":5}},"22":{"start":{"line":55,"column":6},"end":{"line":55,"column":57}},"23":{"start":{"line":57,"column":4},"end":{"line":57,"column":38}},"24":{"start":{"line":61,"column":4},"end":{"line":61,"column":24}},"25":{"start":{"line":65,"column":4},"end":{"line":69,"column":5}},"26":{"start":{"line":66,"column":6},"end":{"line":66,"column":28}},"27":{"start":{"line":68,"column":6},"end":{"line":68,"column":70}},"28":{"start":{"line":73,"column":4},"end":{"line":73,"column":25}},"29":{"start":{"line":77,"column":4},"end":{"line":81,"column":5}},"30":{"start":{"line":78,"column":6},"end":{"line":78,"column":30}},"31":{"start":{"line":80,"column":6},"end":{"line":80,"column":72}},"32":{"start":{"line":85,"column":4},"end":{"line":85,"column":23}},"33":{"start":{"line":89,"column":4},"end":{"line":91,"column":5}},"34":{"start":{"line":90,"column":6},"end":{"line":90,"column":26}},"35":{"start":{"line":95,"column":18},"end":{"line":95,"column":33}},"36":{"start":{"line":96,"column":4},"end":{"line":96,"column":30}},"37":{"start":{"line":100,"column":18},"end":{"line":100,"column":33}},"38":{"start":{"line":101,"column":4},"end":{"line":101,"column":31}},"39":{"start":{"line":105,"column":4},"end":{"line":111,"column":6}},"40":{"start":{"line":3,"column":0},"end":{"line":3,"column":22}}},"fnMap":{"0":{"name":"(anonymous_0)","decl":{"start":{"line":9,"column":2},"end":{"line":9,"column":14}},"loc":{"start":{"line":9,"column":60},"end":{"line":14,"column":3}}},"1":{"name":"(anonymous_1)","decl":{"start":{"line":16,"column":2},"end":{"line":16,"column":11}},"loc":{"start":{"line":16,"column":11},"end":{"line":18,"column":3}}},"2":{"name":"(anonymous_2)","decl":{"start":{"line":20,"column":2},"end":{"line":20,"column":11}},"loc":{"start":{"line":20,"column":25},"end":{"line":27,"column":3}}},"3":{"name":"(anonymous_3)","decl":{"start":{"line":29,"column":2},"end":{"line":29,"column":7}},"loc":{"start":{"line":29,"column":21},"end":{"line":36,"column":3}}},"4":{"name":"(anonymous_4)","decl":{"start":{"line":38,"column":2},"end":{"line":38,"column":21}},"loc":{"start":{"line":38,"column":21},"end":{"line":43,"column":3}}},"5":{"name":"(anonymous_5)","decl":{"start":{"line":45,"column":2},"end":{"line":45,"column":20}},"loc":{"start":{"line":45,"column":41},"end":{"line":50,"column":3}}},"6":{"name":"(anonymous_6)","decl":{"start":{"line":52,"column":2},"end":{"line":52,"column":18}},"loc":{"start":{"line":52,"column":39},"end":{"line":58,"column":3}}},"7":{"name":"(anonymous_7)","decl":{"start":{"line":60,"column":2},"end":{"line":60,"column":6}},"loc":{"start":{"line":60,"column":15},"end":{"line":62,"column":3}}},"8":{"name":"(anonymous_8)","decl":{"start":{"line":64,"column":2},"end":{"line":64,"column":6}},"loc":{"start":{"line":64,"column":30},"end":{"line":70,"column":3}}},"9":{"name":"(anonymous_9)","decl":{"start":{"line":72,"column":2},"end":{"line":72,"column":6}},"loc":{"start":{"line":72,"column":16},"end":{"line":74,"column":3}}},"10":{"name":"(anonymous_10)","decl":{"start":{"line":76,"column":2},"end":{"line":76,"column":6}},"loc":{"start":{"line":76,"column":32},"end":{"line":82,"column":3}}},"11":{"name":"(anonymous_11)","decl":{"start":{"line":84,"column":2},"end":{"line":84,"column":6}},"loc":{"start":{"line":84,"column":14},"end":{"line":86,"column":3}}},"12":{"name":"(anonymous_12)","decl":{"start":{"line":88,"column":2},"end":{"line":88,"column":6}},"loc":{"start":{"line":88,"column":28},"end":{"line":92,"column":3}}},"13":{"name":"(anonymous_13)","decl":{"start":{"line":94,"column":10},"end":{"line":94,"column":24}},"loc":{"start":{"line":94,"column":39},"end":{"line":97,"column":3}}},"14":{"name":"(anonymous_14)","decl":{"start":{"line":99,"column":10},"end":{"line":99,"column":25}},"loc":{"start":{"line":99,"column":41},"end":{"line":102,"column":3}}},"15":{"name":"(anonymous_15)","decl":{"start":{"line":104,"column":2},"end":{"line":104,"column":8}},"loc":{"start":{"line":104,"column":8},"end":{"line":112,"column":3}}}},"branchMap":{"0":{"loc":{"start":{"line":21,"column":4},"end":{"line":26,"column":5}},"type":"if","locations":[{"start":{"line":21,"column":4},"end":{"line":26,"column":5}},{"start":{"line":24,"column":11},"end":{"line":26,"column":5}}]},"1":{"loc":{"start":{"line":30,"column":4},"end":{"line":35,"column":5}},"type":"if","locations":[{"start":{"line":30,"column":4},"end":{"line":35,"column":5}},{"start":{"line":33,"column":11},"end":{"line":35,"column":5}}]},"2":{"loc":{"start":{"line":30,"column":8},"end":{"line":30,"column":41}},"type":"binary-expr","locations":[{"start":{"line":30,"column":8},"end":{"line":30,"column":28}},{"start":{"line":30,"column":32},"end":{"line":30,"column":41}}]},"3":{"loc":{"start":{"line":39,"column":4},"end":{"line":41,"column":5}},"type":"if","locations":[{"start":{"line":39,"column":4},"end":{"line":41,"column":5}}]},"4":{"loc":{"start":{"line":46,"column":4},"end":{"line":48,"column":5}},"type":"if","locations":[{"start":{"line":46,"column":4},"end":{"line":48,"column":5}}]},"5":{"loc":{"start":{"line":54,"column":4},"end":{"line":56,"column":5}},"type":"if","locations":[{"start":{"line":54,"column":4},"end":{"line":56,"column":5}}]},"6":{"loc":{"start":{"line":65,"column":4},"end":{"line":69,"column":5}},"type":"if","locations":[{"start":{"line":65,"column":4},"end":{"line":69,"column":5}},{"start":{"line":67,"column":11},"end":{"line":69,"column":5}}]},"7":{"loc":{"start":{"line":77,"column":4},"end":{"line":81,"column":5}},"type":"if","locations":[{"start":{"line":77,"column":4},"end":{"line":81,"column":5}},{"start":{"line":79,"column":11},"end":{"line":81,"column":5}}]},"8":{"loc":{"start":{"line":89,"column":4},"end":{"line":91,"column":5}},"type":"if","locations":[{"start":{"line":89,"column":4},"end":{"line":91,"column":5}}]}},"s":{"0":4,"1":18,"2":18,"3":18,"4":18,"5":3,"6":4,"7":2,"8":2,"9":2,"10":4,"11":2,"12":2,"13":2,"14":0,"15":0,"16":0,"17":2,"18":0,"19":2,"20":0,"21":0,"22":0,"23":0,"24":2,"25":18,"26":18,"27":0,"28":2,"29":18,"30":18,"31":0,"32":11,"33":20,"34":19,"35":18,"36":18,"37":18,"38":18,"39":0,"40":4},"f":{"0":18,"1":3,"2":4,"3":4,"4":0,"5":2,"6":0,"7":2,"8":18,"9":2,"10":18,"11":11,"12":20,"13":18,"14":18,"15":0},"b":{"0":[2,2],"1":[2,2],"2":[4,2],"3":[0],"4":[0],"5":[0],"6":[18,0],"7":[18,0],"8":[19]}}
,"C:\\Users\\196890\\Desktop\\banco-poo\\src\\models\\ContaCorrente.ts": {"path":"C:\\Users\\196890\\Desktop\\banco-poo\\src\\models\\ContaCorrente.ts","statementMap":{"0":{"start":{"line":1,"column":0},"end":{"line":1,"column":32}},"1":{"start":{"line":2,"column":0},"end":{"line":2,"column":40}},"2":{"start":{"line":9,"column":4},"end":{"line":9,"column":34}},"3":{"start":{"line":10,"column":4},"end":{"line":10,"column":56}},"4":{"start":{"line":11,"column":4},"end":{"line":11,"column":28}},"5":{"start":{"line":15,"column":31},"end":{"line":15,"column":47}},"6":{"start":{"line":17,"column":4},"end":{"line":22,"column":5}},"7":{"start":{"line":18,"column":6},"end":{"line":18,"column":41}},"8":{"start":{"line":19,"column":6},"end":{"line":19,"column":65}},"9":{"start":{"line":21,"column":6},"end":{"line":21,"column":61}},"10":{"start":{"line":26,"column":4},"end":{"line":26,"column":22}},"11":{"start":{"line":30,"column":4},"end":{"line":30,"column":38}},"12":{"start":{"line":34,"column":4},"end":{"line":40,"column":5}},"13":{"start":{"line":35,"column":6},"end":{"line":35,"column":42}},"14":{"start":{"line":37,"column":6},"end":{"line":39,"column":8}},"15":{"start":{"line":44,"column":4},"end":{"line":47,"column":null}},"16":{"start":{"line":4,"column":0},"end":{"line":4,"column":13}}},"fnMap":{"0":{"name":"(anonymous_0)","decl":{"start":{"line":8,"column":2},"end":{"line":8,"column":14}},"loc":{"start":{"line":8,"column":89},"end":{"line":12,"column":3}}},"1":{"name":"(anonymous_1)","decl":{"start":{"line":14,"column":2},"end":{"line":14,"column":20}},"loc":{"start":{"line":14,"column":34},"end":{"line":23,"column":3}}},"2":{"name":"(anonymous_2)","decl":{"start":{"line":25,"column":2},"end":{"line":25,"column":6}},"loc":{"start":{"line":25,"column":13},"end":{"line":27,"column":3}}},"3":{"name":"(anonymous_3)","decl":{"start":{"line":29,"column":2},"end":{"line":29,"column":6}},"loc":{"start":{"line":29,"column":29},"end":{"line":31,"column":3}}},"4":{"name":"(anonymous_4)","decl":{"start":{"line":33,"column":2},"end":{"line":33,"column":6}},"loc":{"start":{"line":33,"column":44},"end":{"line":41,"column":3}}},"5":{"name":"(anonymous_5)","decl":{"start":{"line":43,"column":2},"end":{"line":43,"column":8}},"loc":{"start":{"line":43,"column":8},"end":{"line":49,"column":3}}}},"branchMap":{"0":{"loc":{"start":{"line":17,"column":4},"end":{"line":22,"column":5}},"type":"if","locations":[{"start":{"line":17,"column":4},"end":{"line":22,"column":5}},{"start":{"line":20,"column":11},"end":{"line":22,"column":5}}]},"1":{"loc":{"start":{"line":34,"column":4},"end":{"line":40,"column":5}},"type":"if","locations":[{"start":{"line":34,"column":4},"end":{"line":40,"column":5}},{"start":{"line":36,"column":11},"end":{"line":40,"column":5}}]}},"s":{"0":3,"1":3,"2":10,"3":10,"4":9,"5":2,"6":2,"7":1,"8":1,"9":1,"10":0,"11":1,"12":10,"13":9,"14":1,"15":0,"16":3},"f":{"0":10,"1":2,"2":0,"3":1,"4":10,"5":0},"b":{"0":[1,1],"1":[9,1]}}
,"C:\\Users\\196890\\Desktop\\banco-poo\\src\\models\\ContaPoupanca.ts": {"path":"C:\\Users\\196890\\Desktop\\banco-poo\\src\\models\\ContaPoupanca.ts","statementMap":{"0":{"start":{"line":1,"column":0},"end":{"line":1,"column":32}},"1":{"start":{"line":2,"column":0},"end":{"line":2,"column":40}},"2":{"start":{"line":9,"column":4},"end":{"line":9,"column":34}},"3":{"start":{"line":10,"column":4},"end":{"line":10,"column":34}},"4":{"start":{"line":11,"column":4},"end":{"line":11,"column":28}},"5":{"start":{"line":15,"column":29},"end":{"line":15,"column":45}},"6":{"start":{"line":16,"column":18},"end":{"line":16,"column":54}},"7":{"start":{"line":18,"column":4},"end":{"line":18,"column":24}},"8":{"start":{"line":19,"column":4},"end":{"line":19,"column":null}},"9":{"start":{"line":20,"column":4},"end":{"line":20,"column":63}},"10":{"start":{"line":24,"column":4},"end":{"line":24,"column":27}},"11":{"start":{"line":28,"column":4},"end":{"line":32,"column":5}},"12":{"start":{"line":29,"column":6},"end":{"line":29,"column":34}},"13":{"start":{"line":31,"column":6},"end":{"line":31,"column":73}},"14":{"start":{"line":36,"column":4},"end":{"line":36,"column":22}},"15":{"start":{"line":40,"column":4},"end":{"line":43,"column":null}},"16":{"start":{"line":4,"column":0},"end":{"line":4,"column":13}}},"fnMap":{"0":{"name":"(anonymous_0)","decl":{"start":{"line":8,"column":2},"end":{"line":8,"column":14}},"loc":{"start":{"line":8,"column":78},"end":{"line":12,"column":3}}},"1":{"name":"(anonymous_1)","decl":{"start":{"line":14,"column":2},"end":{"line":14,"column":14}},"loc":{"start":{"line":14,"column":14},"end":{"line":21,"column":3}}},"2":{"name":"(anonymous_2)","decl":{"start":{"line":23,"column":2},"end":{"line":23,"column":6}},"loc":{"start":{"line":23,"column":18},"end":{"line":25,"column":3}}},"3":{"name":"(anonymous_3)","decl":{"start":{"line":27,"column":2},"end":{"line":27,"column":6}},"loc":{"start":{"line":27,"column":36},"end":{"line":33,"column":3}}},"4":{"name":"(anonymous_4)","decl":{"start":{"line":35,"column":2},"end":{"line":35,"column":6}},"loc":{"start":{"line":35,"column":13},"end":{"line":37,"column":3}}},"5":{"name":"(anonymous_5)","decl":{"start":{"line":39,"column":2},"end":{"line":39,"column":8}},"loc":{"start":{"line":39,"column":8},"end":{"line":45,"column":3}}}},"branchMap":{"0":{"loc":{"start":{"line":28,"column":4},"end":{"line":32,"column":5}},"type":"if","locations":[{"start":{"line":28,"column":4},"end":{"line":32,"column":5}},{"start":{"line":30,"column":11},"end":{"line":32,"column":5}}]}},"s":{"0":2,"1":2,"2":8,"3":8,"4":7,"5":1,"6":1,"7":1,"8":1,"9":1,"10":0,"11":8,"12":7,"13":1,"14":1,"15":0,"16":2},"f":{"0":8,"1":1,"2":0,"3":8,"4":1,"5":0},"b":{"0":[7,1]}}
,"C:\\Users\\196890\\Desktop\\banco-poo\\src\\models\\Transacao.ts": {"path":"C:\\Users\\196890\\Desktop\\banco-poo\\src\\models\\Transacao.ts","statementMap":{"0":{"start":{"line":7,"column":4},"end":{"line":7,"column":52}},"1":{"start":{"line":8,"column":4},"end":{"line":8,"column":24}},"2":{"start":{"line":9,"column":4},"end":{"line":9,"column":22}},"3":{"start":{"line":13,"column":4},"end":{"line":13,"column":20}},"4":{"start":{"line":17,"column":4},"end":{"line":17,"column":23}},"5":{"start":{"line":21,"column":4},"end":{"line":23,"column":5}},"6":{"start":{"line":22,"column":6},"end":{"line":22,"column":26}},"7":{"start":{"line":27,"column":4},"end":{"line":27,"column":22}},"8":{"start":{"line":31,"column":4},"end":{"line":35,"column":6}},"9":{"start":{"line":1,"column":0},"end":{"line":1,"column":13}}},"fnMap":{"0":{"name":"(anonymous_0)","decl":{"start":{"line":6,"column":2},"end":{"line":6,"column":14}},"loc":{"start":{"line":6,"column":39},"end":{"line":10,"column":3}}},"1":{"name":"(anonymous_1)","decl":{"start":{"line":12,"column":2},"end":{"line":12,"column":6}},"loc":{"start":{"line":12,"column":11},"end":{"line":14,"column":3}}},"2":{"name":"(anonymous_2)","decl":{"start":{"line":16,"column":2},"end":{"line":16,"column":6}},"loc":{"start":{"line":16,"column":14},"end":{"line":18,"column":3}}},"3":{"name":"(anonymous_3)","decl":{"start":{"line":20,"column":2},"end":{"line":20,"column":6}},"loc":{"start":{"line":20,"column":28},"end":{"line":24,"column":3}}},"4":{"name":"(anonymous_4)","decl":{"start":{"line":26,"column":2},"end":{"line":26,"column":6}},"loc":{"start":{"line":26,"column":13},"end":{"line":28,"column":3}}},"5":{"name":"(anonymous_5)","decl":{"start":{"line":30,"column":2},"end":{"line":30,"column":8}},"loc":{"start":{"line":30,"column":8},"end":{"line":36,"column":3}}}},"branchMap":{"0":{"loc":{"start":{"line":21,"column":4},"end":{"line":23,"column":5}},"type":"if","locations":[{"start":{"line":21,"column":4},"end":{"line":23,"column":5}}]}},"s":{"0":9,"1":9,"2":9,"3":2,"4":2,"5":1,"6":1,"7":1,"8":0,"9":5},"f":{"0":9,"1":2,"2":2,"3":1,"4":1,"5":0},"b":{"0":[1]}}
}
