TN:
SF:dist\models\Banco.js
FN:5,(anonymous_0)
FN:10,(anonymous_1)
FN:16,(anonymous_2)
FN:22,(anonymous_3)
FN:29,(anonymous_4)
FN:32,(anonymous_5)
FN:35,(anonymous_6)
FN:43,(anonymous_7)
FN:49,(anonymous_8)
FN:52,(anonymous_9)
FNF:10
FNH:7
FNDA:5,(anonymous_0)
FNDA:2,(anonymous_1)
FNDA:2,(anonymous_2)
FNDA:2,(anonymous_3)
FNDA:0,(anonymous_4)
FNDA:1,(anonymous_5)
FNDA:5,(anonymous_6)
FNDA:5,(anonymous_7)
FNDA:0,(anonymous_8)
FNDA:0,(anonymous_9)
DA:2,1
DA:3,1
DA:6,5
DA:7,5
DA:8,4
DA:11,2
DA:12,1
DA:14,1
DA:17,2
DA:18,0
DA:20,2
DA:23,2
DA:24,2
DA:25,1
DA:27,1
DA:30,0
DA:33,1
DA:36,5
DA:37,4
DA:40,1
DA:44,5
DA:45,1
DA:47,4
DA:50,0
DA:53,0
DA:61,1
LF:26
LH:22
BRDA:11,0,0,1
BRDA:11,0,1,1
BRDA:17,1,0,0
BRDA:17,1,1,2
BRDA:24,2,0,1
BRDA:24,2,1,1
BRDA:36,3,0,4
BRDA:36,3,1,1
BRDA:44,4,0,1
BRDA:44,4,1,4
BRDA:44,5,0,5
BRDA:44,5,1,4
BRF:12
BRH:11
end_of_record
TN:
SF:dist\models\Cliente.js
FN:5,(anonymous_0)
FN:11,(anonymous_1)
FN:18,(anonymous_2)
FN:27,(anonymous_3)
FN:29,(anonymous_4)
FN:32,(anonymous_5)
FN:35,(anonymous_6)
FN:38,(anonymous_7)
FN:41,(anonymous_8)
FN:49,(anonymous_9)
FN:52,(anonymous_10)
FN:60,(anonymous_11)
FN:64,(anonymous_12)
FN:70,(anonymous_13)
FNF:14
FNH:11
FNDA:8,(anonymous_0)
FNDA:2,(anonymous_1)
FNDA:2,(anonymous_2)
FNDA:1,(anonymous_3)
FNDA:0,(anonymous_4)
FNDA:1,(anonymous_5)
FNDA:0,(anonymous_6)
FNDA:1,(anonymous_7)
FNDA:8,(anonymous_8)
FNDA:1,(anonymous_9)
FNDA:7,(anonymous_10)
FNDA:7,(anonymous_11)
FNDA:8,(anonymous_12)
FNDA:0,(anonymous_13)
DA:2,2
DA:3,2
DA:6,8
DA:7,8
DA:8,7
DA:9,6
DA:12,2
DA:13,1
DA:15,1
DA:19,2
DA:20,0
DA:23,2
DA:28,1
DA:29,0
DA:32,1
DA:36,0
DA:39,1
DA:42,8
DA:43,7
DA:46,1
DA:50,1
DA:53,7
DA:54,6
DA:57,1
DA:61,7
DA:62,7
DA:65,8
DA:66,1
DA:68,7
DA:71,0
DA:80,2
LF:31
LH:27
BRDA:12,0,0,1
BRDA:12,0,1,1
BRDA:19,1,0,0
BRDA:19,1,1,2
BRDA:28,2,0,0
BRDA:28,2,1,1
BRDA:42,3,0,7
BRDA:42,3,1,1
BRDA:53,4,0,6
BRDA:53,4,1,1
BRDA:65,5,0,1
BRDA:65,5,1,7
BRDA:65,6,0,8
BRDA:65,6,1,7
BRF:14
BRH:12
end_of_record
TN:
SF:dist\models\Conta.js
FN:6,(anonymous_0)
FN:12,(anonymous_1)
FN:15,(anonymous_2)
FN:24,(anonymous_3)
FN:33,(anonymous_4)
FN:39,(anonymous_5)
FN:45,(anonymous_6)
FN:52,(anonymous_7)
FN:55,(anonymous_8)
FN:63,(anonymous_9)
FN:66,(anonymous_10)
FN:74,(anonymous_11)
FN:77,(anonymous_12)
FN:82,(anonymous_13)
FN:86,(anonymous_14)
FN:90,(anonymous_15)
FNF:16
FNH:13
FNDA:18,(anonymous_0)
FNDA:3,(anonymous_1)
FNDA:4,(anonymous_2)
FNDA:4,(anonymous_3)
FNDA:0,(anonymous_4)
FNDA:2,(anonymous_5)
FNDA:0,(anonymous_6)
FNDA:2,(anonymous_7)
FNDA:18,(anonymous_8)
FNDA:2,(anonymous_9)
FNDA:18,(anonymous_10)
FNDA:11,(anonymous_11)
FNDA:20,(anonymous_12)
FNDA:18,(anonymous_13)
FNDA:18,(anonymous_14)
FNDA:0,(anonymous_15)
DA:2,4
DA:3,4
DA:4,4
DA:7,18
DA:8,18
DA:9,18
DA:10,18
DA:13,3
DA:16,4
DA:17,2
DA:18,2
DA:21,2
DA:25,4
DA:26,2
DA:27,2
DA:30,2
DA:34,0
DA:35,0
DA:37,0
DA:40,2
DA:41,0
DA:43,2
DA:46,0
DA:47,0
DA:48,0
DA:50,0
DA:53,2
DA:56,18
DA:57,18
DA:60,0
DA:64,2
DA:67,18
DA:68,18
DA:71,0
DA:75,11
DA:78,20
DA:79,19
DA:83,18
DA:84,18
DA:87,18
DA:88,18
DA:91,0
DA:100,4
LF:43
LH:32
BRDA:16,0,0,2
BRDA:16,0,1,2
BRDA:25,1,0,2
BRDA:25,1,1,2
BRDA:25,2,0,4
BRDA:25,2,1,2
BRDA:34,3,0,0
BRDA:34,3,1,0
BRDA:40,4,0,0
BRDA:40,4,1,2
BRDA:47,5,0,0
BRDA:47,5,1,0
BRDA:56,6,0,18
BRDA:56,6,1,0
BRDA:67,7,0,18
BRDA:67,7,1,0
BRDA:78,8,0,19
BRDA:78,8,1,1
BRF:18
BRH:11
end_of_record
TN:
SF:dist\models\ContaCorrente.js
FN:7,(anonymous_0)
FN:12,(anonymous_1)
FN:22,(anonymous_2)
FN:25,(anonymous_3)
FN:28,(anonymous_4)
FN:36,(anonymous_5)
FNF:6
FNH:4
FNDA:10,(anonymous_0)
FNDA:2,(anonymous_1)
FNDA:0,(anonymous_2)
FNDA:1,(anonymous_3)
FNDA:10,(anonymous_4)
FNDA:0,(anonymous_5)
DA:2,3
DA:3,3
DA:4,3
DA:5,3
DA:8,10
DA:9,10
DA:10,9
DA:13,2
DA:14,2
DA:15,1
DA:16,1
DA:19,1
DA:23,0
DA:26,1
DA:29,10
DA:30,9
DA:33,1
DA:37,0
DA:40,3
LF:19
LH:17
BRDA:14,0,0,1
BRDA:14,0,1,1
BRDA:29,1,0,9
BRDA:29,1,1,1
BRF:4
BRH:4
end_of_record
TN:
SF:dist\models\ContaPoupanca.js
FN:7,(anonymous_0)
FN:12,(anonymous_1)
FN:19,(anonymous_2)
FN:22,(anonymous_3)
FN:30,(anonymous_4)
FN:33,(anonymous_5)
FNF:6
FNH:4
FNDA:8,(anonymous_0)
FNDA:1,(anonymous_1)
FNDA:0,(anonymous_2)
FNDA:8,(anonymous_3)
FNDA:1,(anonymous_4)
FNDA:0,(anonymous_5)
DA:2,2
DA:3,2
DA:4,2
DA:5,2
DA:8,8
DA:9,8
DA:10,7
DA:13,1
DA:14,1
DA:15,1
DA:16,1
DA:17,1
DA:20,0
DA:23,8
DA:24,7
DA:27,1
DA:31,1
DA:34,0
DA:37,2
LF:19
LH:17
BRDA:23,0,0,7
BRDA:23,0,1,1
BRF:2
BRH:2
end_of_record
TN:
SF:dist\models\Transacao.js
FN:5,(anonymous_0)
FN:10,(anonymous_1)
FN:13,(anonymous_2)
FN:16,(anonymous_3)
FN:21,(anonymous_4)
FN:24,(anonymous_5)
FNF:6
FNH:5
FNDA:9,(anonymous_0)
FNDA:2,(anonymous_1)
FNDA:2,(anonymous_2)
FNDA:1,(anonymous_3)
FNDA:1,(anonymous_4)
FNDA:0,(anonymous_5)
DA:2,5
DA:3,5
DA:6,9
DA:7,9
DA:8,9
DA:11,2
DA:14,2
DA:17,1
DA:18,1
DA:22,1
DA:25,0
DA:32,5
LF:12
LH:11
BRDA:17,0,0,1
BRDA:17,0,1,0
BRF:2
BRH:1
end_of_record
TN:
SF:src\models\Banco.ts
FN:8,(anonymous_0)
FN:14,(anonymous_1)
FN:21,(anonymous_2)
FN:28,(anonymous_3)
FN:37,(anonymous_4)
FN:41,(anonymous_5)
FN:45,(anonymous_6)
FN:53,(anonymous_7)
FN:60,(anonymous_8)
FN:64,(anonymous_9)
FNF:10
FNH:7
FNDA:5,(anonymous_0)
FNDA:2,(anonymous_1)
FNDA:2,(anonymous_2)
FNDA:2,(anonymous_3)
FNDA:0,(anonymous_4)
FNDA:1,(anonymous_5)
FNDA:5,(anonymous_6)
FNDA:5,(anonymous_7)
FNDA:0,(anonymous_8)
FNDA:0,(anonymous_9)
DA:3,1
DA:9,5
DA:10,5
DA:11,4
DA:15,2
DA:16,1
DA:18,1
DA:22,2
DA:23,0
DA:25,2
DA:29,2
DA:31,2
DA:32,1
DA:34,1
DA:38,0
DA:42,1
DA:46,5
DA:47,4
DA:49,1
DA:54,5
DA:55,1
DA:57,4
DA:61,0
DA:65,0
LF:24
LH:20
BRDA:15,0,0,1
BRDA:22,1,0,0
BRDA:31,2,0,1
BRDA:46,3,0,4
BRDA:46,3,1,1
BRDA:54,4,0,1
BRDA:54,5,0,5
BRDA:54,5,1,4
BRF:8
BRH:7
end_of_record
TN:
SF:src\models\Cliente.ts
FN:9,(anonymous_0)
FN:16,(anonymous_1)
FN:28,(anonymous_2)
FN:41,(anonymous_3)
FN:43,(anonymous_4)
FN:45,(anonymous_5)
FN:49,(anonymous_6)
FN:53,(anonymous_7)
FN:57,(anonymous_8)
FN:65,(anonymous_9)
FN:69,(anonymous_10)
FN:77,(anonymous_11)
FN:82,(anonymous_12)
FN:89,(anonymous_13)
FNF:14
FNH:11
FNDA:8,(anonymous_0)
FNDA:2,(anonymous_1)
FNDA:2,(anonymous_2)
FNDA:1,(anonymous_3)
FNDA:0,(anonymous_4)
FNDA:1,(anonymous_5)
FNDA:0,(anonymous_6)
FNDA:1,(anonymous_7)
FNDA:8,(anonymous_8)
FNDA:1,(anonymous_9)
FNDA:7,(anonymous_10)
FNDA:7,(anonymous_11)
FNDA:8,(anonymous_12)
FNDA:0,(anonymous_13)
DA:3,2
DA:10,8
DA:11,8
DA:12,7
DA:13,6
DA:17,2
DA:18,1
DA:20,1
DA:29,2
DA:30,0
DA:32,2
DA:42,1
DA:43,0
DA:45,1
DA:50,0
DA:54,1
DA:58,8
DA:59,7
DA:61,1
DA:66,1
DA:70,7
DA:71,6
DA:73,1
DA:78,7
DA:79,7
DA:83,8
DA:84,1
DA:86,7
DA:90,0
LF:29
LH:25
BRDA:17,0,0,1
BRDA:29,1,0,0
BRDA:29,1,1,2
BRDA:42,2,0,0
BRDA:42,2,1,1
BRDA:58,3,0,7
BRDA:58,3,1,1
BRDA:70,4,0,6
BRDA:70,4,1,1
BRDA:83,5,0,1
BRDA:83,6,0,8
BRDA:83,6,1,7
BRF:12
BRH:10
end_of_record
TN:
SF:src\models\Conta.ts
FN:9,(anonymous_0)
FN:16,(anonymous_1)
FN:20,(anonymous_2)
FN:29,(anonymous_3)
FN:38,(anonymous_4)
FN:45,(anonymous_5)
FN:52,(anonymous_6)
FN:60,(anonymous_7)
FN:64,(anonymous_8)
FN:72,(anonymous_9)
FN:76,(anonymous_10)
FN:84,(anonymous_11)
FN:88,(anonymous_12)
FN:94,(anonymous_13)
FN:99,(anonymous_14)
FN:104,(anonymous_15)
FNF:16
FNH:13
FNDA:18,(anonymous_0)
FNDA:3,(anonymous_1)
FNDA:4,(anonymous_2)
FNDA:4,(anonymous_3)
FNDA:0,(anonymous_4)
FNDA:2,(anonymous_5)
FNDA:0,(anonymous_6)
FNDA:2,(anonymous_7)
FNDA:18,(anonymous_8)
FNDA:2,(anonymous_9)
FNDA:18,(anonymous_10)
FNDA:11,(anonymous_11)
FNDA:20,(anonymous_12)
FNDA:18,(anonymous_13)
FNDA:18,(anonymous_14)
FNDA:0,(anonymous_15)
DA:1,4
DA:3,4
DA:10,18
DA:11,18
DA:12,18
DA:13,18
DA:17,3
DA:21,4
DA:22,2
DA:23,2
DA:25,2
DA:30,4
DA:31,2
DA:32,2
DA:34,2
DA:39,0
DA:40,0
DA:42,0
DA:46,2
DA:47,0
DA:49,2
DA:53,0
DA:54,0
DA:55,0
DA:57,0
DA:61,2
DA:65,18
DA:66,18
DA:68,0
DA:73,2
DA:77,18
DA:78,18
DA:80,0
DA:85,11
DA:89,20
DA:90,19
DA:95,18
DA:96,18
DA:100,18
DA:101,18
DA:105,0
LF:41
LH:30
BRDA:21,0,0,2
BRDA:21,0,1,2
BRDA:30,1,0,2
BRDA:30,1,1,2
BRDA:30,2,0,4
BRDA:30,2,1,2
BRDA:39,3,0,0
BRDA:46,4,0,0
BRDA:54,5,0,0
BRDA:65,6,0,18
BRDA:65,6,1,0
BRDA:77,7,0,18
BRDA:77,7,1,0
BRDA:89,8,0,19
BRF:14
BRH:9
end_of_record
TN:
SF:src\models\ContaCorrente.ts
FN:8,(anonymous_0)
FN:14,(anonymous_1)
FN:25,(anonymous_2)
FN:29,(anonymous_3)
FN:33,(anonymous_4)
FN:43,(anonymous_5)
FNF:6
FNH:4
FNDA:10,(anonymous_0)
FNDA:2,(anonymous_1)
FNDA:0,(anonymous_2)
FNDA:1,(anonymous_3)
FNDA:10,(anonymous_4)
FNDA:0,(anonymous_5)
DA:1,3
DA:2,3
DA:4,3
DA:9,10
DA:10,10
DA:11,9
DA:15,2
DA:17,2
DA:18,1
DA:19,1
DA:21,1
DA:26,0
DA:30,1
DA:34,10
DA:35,9
DA:37,1
DA:44,0
LF:17
LH:15
BRDA:17,0,0,1
BRDA:17,0,1,1
BRDA:34,1,0,9
BRDA:34,1,1,1
BRF:4
BRH:4
end_of_record
TN:
SF:src\models\ContaPoupanca.ts
FN:8,(anonymous_0)
FN:14,(anonymous_1)
FN:23,(anonymous_2)
FN:27,(anonymous_3)
FN:35,(anonymous_4)
FN:39,(anonymous_5)
FNF:6
FNH:4
FNDA:8,(anonymous_0)
FNDA:1,(anonymous_1)
FNDA:0,(anonymous_2)
FNDA:8,(anonymous_3)
FNDA:1,(anonymous_4)
FNDA:0,(anonymous_5)
DA:1,2
DA:2,2
DA:4,2
DA:9,8
DA:10,8
DA:11,7
DA:15,1
DA:16,1
DA:18,1
DA:19,1
DA:20,1
DA:24,0
DA:28,8
DA:29,7
DA:31,1
DA:36,1
DA:40,0
LF:17
LH:15
BRDA:28,0,0,7
BRDA:28,0,1,1
BRF:2
BRH:2
end_of_record
TN:
SF:src\models\Transacao.ts
FN:6,(anonymous_0)
FN:12,(anonymous_1)
FN:16,(anonymous_2)
FN:20,(anonymous_3)
FN:26,(anonymous_4)
FN:30,(anonymous_5)
FNF:6
FNH:5
FNDA:9,(anonymous_0)
FNDA:2,(anonymous_1)
FNDA:2,(anonymous_2)
FNDA:1,(anonymous_3)
FNDA:1,(anonymous_4)
FNDA:0,(anonymous_5)
DA:1,5
DA:7,9
DA:8,9
DA:9,9
DA:13,2
DA:17,2
DA:21,1
DA:22,1
DA:27,1
DA:31,0
LF:10
LH:9
BRDA:21,0,0,1
BRF:1
BRH:1
end_of_record
